

times in msec
 clock   self+sourced   self:  sourced script
 clock   elapsed:              other lines

000.005  000.005: --- VIM STARTING ---
000.088  000.083: Allocated generic buffers
000.168  000.080: locale set
000.186  000.018: GUI prepared
000.190  000.004: clipboard setup
000.195  000.005: window checked
000.584  000.389: inits 1
000.619  000.035: parsing arguments
000.620  000.001: expanding arguments
000.633  000.013: shell init
000.847  000.214: Termcap init
000.886  000.039: inits 2
001.009  000.123: init highlight
001.841  000.403  000.403: sourcing /home/james/.vim/bundle/neobundle.vim/autoload/neobundle/util.vim
002.941  001.608  001.205: sourcing /home/james/.vim/bundle/neobundle.vim/autoload/neobundle.vim
003.368  000.202  000.202: sourcing /home/james/.vim/bundle/neobundle.vim/autoload/neobundle/init.vim
004.292  000.659  000.659: sourcing /home/james/.vim/bundle/neobundle.vim/autoload/neobundle/config.vim
004.791  000.263  000.263: sourcing /home/james/.vim/bundle/neobundle.vim/autoload/neobundle/autoload.vim
005.376  000.304  000.304: sourcing /home/james/.vim/bundle/neobundle.vim/autoload/neobundle/parser.vim
005.867  000.267  000.267: sourcing /home/james/.vim/bundle/neobundle.vim/autoload/neobundle/types/git.vim
020.309  000.262  000.262: sourcing /usr/local/share/vim/vim74/syntax/syncolor.vim
020.525  000.614  000.352: sourcing /usr/local/share/vim/vim74/syntax/synload.vim
045.976  000.076  000.076: sourcing /home/james/.vim/bundle/UltiSnips/ftdetect/UltiSnips.vim
046.052  000.053  000.053: sourcing /home/james/.vim/bundle/UltiSnips/ftdetect/snippets.vim
046.236  000.051  000.051: sourcing /home/james/.vim/bundle/neobundle.vim/ftdetect/vimrecipe.vim
046.360  025.717  025.537: sourcing /usr/local/share/vim/vim74/filetype.vim
046.407  026.624  000.293: sourcing /usr/local/share/vim/vim74/syntax/syntax.vim
046.517  000.008  000.008: sourcing /usr/local/share/vim/vim74/filetype.vim
046.664  000.037  000.037: sourcing /usr/local/share/vim/vim74/indent.vim
046.784  000.008  000.008: sourcing /usr/local/share/vim/vim74/filetype.vim
046.933  000.038  000.038: sourcing /usr/local/share/vim/vim74/ftplugin.vim
047.361  000.167  000.167: sourcing /usr/local/share/vim/vim74/syntax/syncolor.vim
047.749  000.158  000.158: sourcing /usr/local/share/vim/vim74/syntax/syncolor.vim
048.086  000.155  000.155: sourcing /usr/local/share/vim/vim74/syntax/syncolor.vim
074.953  027.975  027.495: sourcing /home/james/.vim/colors/Tomorrow-Night.vim
075.587  074.414  016.421: sourcing $HOME/.vimrc
075.596  000.173: sourcing vimrc file(s)
075.942  000.279  000.279: sourcing /home/james/.vim/plugin/translate.vim
076.108  000.048  000.048: sourcing /home/james/.vim/bundle/neocomplete.vim/plugin/neocomplete/buffer.vim
076.170  000.044  000.044: sourcing /home/james/.vim/bundle/neocomplete.vim/plugin/neocomplete/dictionary.vim
076.222  000.036  000.036: sourcing /home/james/.vim/bundle/neocomplete.vim/plugin/neocomplete/tag.vim
076.349  000.111  000.111: sourcing /home/james/.vim/bundle/neocomplete.vim/plugin/neocomplete.vim
076.619  000.139  000.139: sourcing /home/james/.vim/bundle/vim-airline/autoload/airline.vim
076.789  000.065  000.065: sourcing /home/james/.vim/bundle/vim-airline/autoload/airline/init.vim
077.175  000.116  000.116: sourcing /home/james/.vim/bundle/vim-airline/autoload/airline/parts.vim
077.725  001.322  001.002: sourcing /home/james/.vim/bundle/vim-airline/plugin/airline.vim
077.969  000.180  000.180: sourcing /home/james/.vim/bundle/vim-autoswap/plugin/autoswap.vim
079.143  001.116  001.116: sourcing /home/james/.vim/bundle/supertab/plugin/supertab.vim
084.617  005.400  005.400: sourcing /home/james/.vim/bundle/vim-easymotion/plugin/EasyMotion.vim
084.861  000.011  000.011: sourcing /home/james/.vim/bundle/syntastic/plugin/syntastic/autoloclist.vim
084.886  000.008  000.008: sourcing /home/james/.vim/bundle/syntastic/plugin/syntastic/balloons.vim
084.909  000.009  000.009: sourcing /home/james/.vim/bundle/syntastic/plugin/syntastic/checker.vim
084.932  000.007  000.007: sourcing /home/james/.vim/bundle/syntastic/plugin/syntastic/cursor.vim
084.974  000.009  000.009: sourcing /home/james/.vim/bundle/syntastic/plugin/syntastic/highlighting.vim
084.996  000.008  000.008: sourcing /home/james/.vim/bundle/syntastic/plugin/syntastic/loclist.vim
085.018  000.007  000.007: sourcing /home/james/.vim/bundle/syntastic/plugin/syntastic/modemap.vim
085.039  000.007  000.007: sourcing /home/james/.vim/bundle/syntastic/plugin/syntastic/notifiers.vim
085.060  000.007  000.007: sourcing /home/james/.vim/bundle/syntastic/plugin/syntastic/registry.vim
085.082  000.008  000.008: sourcing /home/james/.vim/bundle/syntastic/plugin/syntastic/signs.vim
085.643  000.379  000.379: sourcing /home/james/.vim/bundle/syntastic/autoload/syntastic/util.vim
096.988  000.056  000.056: sourcing /home/james/.vim/bundle/syntastic/plugin/syntastic/autoloclist.vim
097.065  000.055  000.055: sourcing /home/james/.vim/bundle/syntastic/plugin/syntastic/balloons.vim
097.335  000.254  000.254: sourcing /home/james/.vim/bundle/syntastic/plugin/syntastic/checker.vim
097.455  000.099  000.099: sourcing /home/james/.vim/bundle/syntastic/plugin/syntastic/cursor.vim
097.558  000.086  000.086: sourcing /home/james/.vim/bundle/syntastic/plugin/syntastic/highlighting.vim
097.849  000.274  000.274: sourcing /home/james/.vim/bundle/syntastic/plugin/syntastic/loclist.vim
097.965  000.097  000.097: sourcing /home/james/.vim/bundle/syntastic/plugin/syntastic/modemap.vim
098.052  000.070  000.070: sourcing /home/james/.vim/bundle/syntastic/plugin/syntastic/notifiers.vim
098.353  000.285  000.285: sourcing /home/james/.vim/bundle/syntastic/plugin/syntastic/registry.vim
098.473  000.100  000.100: sourcing /home/james/.vim/bundle/syntastic/plugin/syntastic/signs.vim
099.523  014.428  012.673: sourcing /home/james/.vim/bundle/syntastic/plugin/syntastic.vim
100.080  000.091  000.091: sourcing /home/james/.vim/bundle/vim-gitgutter/autoload/gitgutter/highlight.vim
100.848  001.243  001.152: sourcing /home/james/.vim/bundle/vim-gitgutter/plugin/gitgutter.vim
101.195  000.276  000.276: sourcing /home/james/.vim/bundle/vim-over/plugin/over.vim
101.723  000.082  000.082: sourcing /home/james/.vim/bundle/UltiSnips/autoload/UltiSnips/map_keys.vim
101.843  000.536  000.454: sourcing /home/james/.vim/bundle/UltiSnips/plugin/UltiSnips.vim
102.179  000.277  000.277: sourcing /home/james/.vim/bundle/vim-commentary/plugin/commentary.vim
105.971  003.736  003.736: sourcing /home/james/.vim/bundle/vim-fugitive/plugin/fugitive.vim
106.611  000.556  000.556: sourcing /home/james/.vim/bundle/vim-surround/plugin/surround.vim
106.744  000.064  000.064: sourcing /home/james/.vim/bundle/MatchTagAlways/plugin/MatchTagAlways.vim
106.923  000.011  000.011: sourcing /home/james/.vim/bundle/vim-misc/autoload/xolox/misc.vim
108.576  000.285  000.285: sourcing /home/james/.vim/bundle/vim-misc/autoload/xolox/misc/os.vim
108.984  000.788  000.503: sourcing /home/james/.vim/bundle/vim-misc/autoload/xolox/misc/path.vim
109.545  002.523  001.735: sourcing /home/james/.vim/bundle/vim-notes/autoload/xolox/notes.vim
110.975  004.177  001.643: sourcing /home/james/.vim/bundle/vim-notes/plugin/notes.vim
111.083  000.033  000.033: sourcing /home/james/.vim/bundle/vim-misc/plugin/xolox/misc.vim
111.922  000.779  000.779: sourcing /home/james/.vim/bundle/vim-schlepp/plugin/schlepp.vim
112.229  000.076  000.076: sourcing /usr/local/share/vim/vim74/plugin/getscriptPlugin.vim
112.557  000.309  000.309: sourcing /usr/local/share/vim/vim74/plugin/gzip.vim
112.988  000.413  000.413: sourcing /usr/local/share/vim/vim74/plugin/logiPat.vim
113.261  000.252  000.252: sourcing /usr/local/share/vim/vim74/plugin/matchparen.vim
113.975  000.692  000.692: sourcing /usr/local/share/vim/vim74/plugin/netrwPlugin.vim
114.065  000.063  000.063: sourcing /usr/local/share/vim/vim74/plugin/rrhelper.vim
114.116  000.028  000.028: sourcing /usr/local/share/vim/vim74/plugin/spellfile.vim
114.320  000.181  000.181: sourcing /usr/local/share/vim/vim74/plugin/tarPlugin.vim
114.439  000.097  000.097: sourcing /usr/local/share/vim/vim74/plugin/tohtml.vim
114.614  000.154  000.154: sourcing /usr/local/share/vim/vim74/plugin/vimballPlugin.vim
114.863  000.205  000.205: sourcing /usr/local/share/vim/vim74/plugin/zipPlugin.vim
115.022  000.062  000.062: sourcing /home/james/.vim/bundle/neobundle.vim/plugin/neobundle.vim
115.209  000.127  000.127: sourcing /home/james/.vim/bundle/UltiSnips/after/plugin/UltiSnips_after.vim
115.755  000.481  000.481: sourcing /home/james/.vim/bundle/indentLine/after/plugin/indentLine.vim
115.763  002.305: loading plugins
116.596  000.833: inits 3
116.842  000.246: reading viminfo
118.558  001.716: setup clipboard
118.586  000.028: setting raw mode
118.594  000.008: start termcap
118.645  000.051: clearing screen
122.005  000.562  000.562: sourcing /usr/local/share/vim/vim74/scripts.vim
124.425  000.923  000.923: sourcing /home/james/.vim/bundle/delimitMate/autoload/delimitMate.vim
127.522  004.845  003.922: sourcing /home/james/.vim/bundle/delimitMate//plugin/delimitMate.vim
157.998  029.705  029.705: sourcing /home/james/.vim/bundle/UltiSnips/autoload/UltiSnips.vim
165.298  001.259  001.259: sourcing /usr/local/share/vim/vim74/syntax/lua.vim
166.164  000.484  000.484: sourcing /usr/local/share/vim/vim74/syntax/pod.vim
168.966  003.452  002.968: sourcing /usr/local/share/vim/vim74/syntax/perl.vim
171.866  002.720  002.720: sourcing /usr/local/share/vim/vim74/syntax/ruby.vim
172.844  000.816  000.816: sourcing /usr/local/share/vim/vim74/syntax/python.vim
174.027  015.565  007.318: sourcing /usr/local/share/vim/vim74/syntax/vim.vim
174.480  000.126  000.126: sourcing /usr/local/share/vim/vim74/indent/vim.vim
175.276  000.284  000.284: sourcing /usr/local/share/vim/vim74/ftplugin/vim.vim
175.940  000.258  000.258: sourcing /home/james/.vim/bundle/vim-airline/autoload/airline/extensions.vim
176.094  000.038  000.038: sourcing /home/james/.vim/bundle/vim-airline/autoload/airline/extensions/quickfix.vim
176.264  000.038  000.038: sourcing /home/james/.vim/bundle/vim-airline/autoload/airline/extensions/netrw.vim
176.491  000.080  000.080: sourcing /home/james/.vim/bundle/vim-airline/autoload/airline/extensions/hunks.vim
176.761  000.117  000.117: sourcing /home/james/.vim/bundle/vim-airline/autoload/airline/extensions/branch.vim
177.037  000.028  000.028: sourcing /home/james/.vim/bundle/vim-airline/autoload/airline/extensions/syntastic.vim
177.305  000.110  000.110: sourcing /home/james/.vim/bundle/vim-airline/autoload/airline/extensions/whitespace.vim
177.603  000.040  000.040: sourcing /home/james/.vim/bundle/vim-airline/autoload/airline/extensions/wordcount.vim
179.576  000.073  000.073: sourcing /home/james/.vim/bundle/vim-airline/autoload/airline/section.vim
179.883  000.135  000.135: sourcing /home/james/.vim/bundle/vim-airline/autoload/airline/highlighter.vim
181.785  000.055  000.055: sourcing /home/james/.vim/bundle/vim-airline/autoload/airline/themes.vim
183.130  001.525  001.470: sourcing /home/james/.vim/bundle/vim-airline/autoload/airline/themes/tomorrow.vim
187.742  000.082  000.082: sourcing /home/james/.vim/bundle/vim-airline/autoload/airline/util.vim
188.036  000.107  000.107: sourcing /home/james/.vim/bundle/vim-airline/autoload/airline/builder.vim
188.400  000.075  000.075: sourcing /home/james/.vim/bundle/vim-airline/autoload/airline/extensions/default.vim
201.061  002.015  002.015: sourcing /home/james/.vim/bundle/MatchTagAlways/autoload/MatchTagAlways.vim
215.557  001.907  001.907: sourcing /usr/local/share/vim/vim74/syntax/lua.vim
216.473  000.580  000.580: sourcing /usr/local/share/vim/vim74/syntax/pod.vim
219.749  004.021  003.441: sourcing /usr/local/share/vim/vim74/syntax/perl.vim
222.951  003.025  003.025: sourcing /usr/local/share/vim/vim74/syntax/ruby.vim
223.881  000.766  000.766: sourcing /usr/local/share/vim/vim74/syntax/python.vim
225.003  019.629  009.910: sourcing /usr/local/share/vim/vim74/syntax/vim.vim
225.376  000.024  000.024: sourcing /usr/local/share/vim/vim74/indent/vim.vim
226.189  000.276  000.276: sourcing /usr/local/share/vim/vim74/ftplugin/vim.vim
234.093  000.203  000.203: sourcing /home/james/.vim/bundle/syntastic/autoload/syntastic/log.vim
235.099  000.200  000.200: sourcing /home/james/.vim/bundle/syntastic/syntax_checkers/vim/vimlint.vim
235.298  000.158  000.158: sourcing /home/james/.vim/bundle/syntastic/syntax_checkers/vim/vint.vim
242.541  047.598: opening buffers
243.474  000.160  000.160: sourcing /home/james/.vim/bundle/vim-gitgutter/autoload/gitgutter.vim
243.764  000.161  000.161: sourcing /home/james/.vim/bundle/vim-gitgutter/autoload/gitgutter/utility.vim
255.115  011.172  011.172: sourcing /home/james/.vim/bundle/vim-gitgutter/autoload/gitgutter/diff.vim
266.717  000.164  000.164: sourcing /home/james/.vim/bundle/vim-gitgutter/autoload/gitgutter/hunk.vim
267.298  000.143  000.143: sourcing /home/james/.vim/bundle/vim-gitgutter/autoload/gitgutter/sign.vim
271.119  016.778: BufEnter autocommands
271.123  000.004: editing files in windows
276.089  000.037  000.037: sourcing /home/james/.vim/bundle/vim-airline/autoload/airline/deprecation.vim
276.410  005.250: VimEnter autocommands
276.412  000.002: before starting main loop
276.523  000.111: first screen update
276.524  000.001: --- VIM STARTED ---


times in msec
 clock   self+sourced   self:  sourced script
 clock   elapsed:              other lines

000.006  000.006: --- VIM STARTING ---
000.104  000.098: Allocated generic buffers
000.202  000.098: locale set
000.223  000.021: GUI prepared
000.228  000.005: clipboard setup
000.234  000.006: window checked
000.724  000.490: inits 1
000.767  000.043: parsing arguments
000.769  000.002: expanding arguments
000.785  000.016: shell init
001.044  000.259: Termcap init
001.092  000.048: inits 2
001.241  000.149: init highlight
002.251  000.497  000.497: sourcing /home/james/.vim/bundle/neobundle.vim/autoload/neobundle/util.vim
003.388  001.763  001.266: sourcing /home/james/.vim/bundle/neobundle.vim/autoload/neobundle.vim
003.835  000.224  000.224: sourcing /home/james/.vim/bundle/neobundle.vim/autoload/neobundle/init.vim
005.071  000.941  000.941: sourcing /home/james/.vim/bundle/neobundle.vim/autoload/neobundle/config.vim
005.733  000.293  000.293: sourcing /home/james/.vim/bundle/neobundle.vim/autoload/neobundle/autoload.vim
006.393  000.336  000.336: sourcing /home/james/.vim/bundle/neobundle.vim/autoload/neobundle/parser.vim
007.054  000.362  000.362: sourcing /home/james/.vim/bundle/neobundle.vim/autoload/neobundle/types/git.vim
024.001  000.207  000.207: sourcing /usr/local/share/vim/vim74/syntax/syncolor.vim
024.132  000.463  000.256: sourcing /usr/local/share/vim/vim74/syntax/synload.vim
048.822  000.075  000.075: sourcing /home/james/.vim/bundle/UltiSnips/ftdetect/UltiSnips.vim
048.902  000.054  000.054: sourcing /home/james/.vim/bundle/UltiSnips/ftdetect/snippets.vim
049.090  000.052  000.052: sourcing /home/james/.vim/bundle/neobundle.vim/ftdetect/vimrecipe.vim
049.215  024.966  024.785: sourcing /usr/local/share/vim/vim74/filetype.vim
049.264  025.730  000.301: sourcing /usr/local/share/vim/vim74/syntax/syntax.vim
049.379  000.008  000.008: sourcing /usr/local/share/vim/vim74/filetype.vim
049.527  000.037  000.037: sourcing /usr/local/share/vim/vim74/indent.vim
049.650  000.008  000.008: sourcing /usr/local/share/vim/vim74/filetype.vim
049.800  000.039  000.039: sourcing /usr/local/share/vim/vim74/ftplugin.vim
050.229  000.168  000.168: sourcing /usr/local/share/vim/vim74/syntax/syncolor.vim
050.620  000.159  000.159: sourcing /usr/local/share/vim/vim74/syntax/syncolor.vim
050.969  000.158  000.158: sourcing /usr/local/share/vim/vim74/syntax/syncolor.vim
078.224  028.380  027.895: sourcing /home/james/.vim/colors/Tomorrow-Night.vim
078.859  077.432  019.311: sourcing $HOME/.vimrc
078.868  000.195: sourcing vimrc file(s)
079.214  000.279  000.279: sourcing /home/james/.vim/plugin/translate.vim
079.383  000.048  000.048: sourcing /home/james/.vim/bundle/neocomplete.vim/plugin/neocomplete/buffer.vim
079.446  000.044  000.044: sourcing /home/james/.vim/bundle/neocomplete.vim/plugin/neocomplete/dictionary.vim
079.499  000.037  000.037: sourcing /home/james/.vim/bundle/neocomplete.vim/plugin/neocomplete/tag.vim
079.628  000.113  000.113: sourcing /home/james/.vim/bundle/neocomplete.vim/plugin/neocomplete.vim
079.898  000.138  000.138: sourcing /home/james/.vim/bundle/vim-airline/autoload/airline.vim
080.068  000.065  000.065: sourcing /home/james/.vim/bundle/vim-airline/autoload/airline/init.vim
080.417  000.079  000.079: sourcing /home/james/.vim/bundle/vim-airline/autoload/airline/parts.vim
080.999  001.315  001.033: sourcing /home/james/.vim/bundle/vim-airline/plugin/airline.vim
081.244  000.178  000.178: sourcing /home/james/.vim/bundle/vim-autoswap/plugin/autoswap.vim
082.203  000.902  000.902: sourcing /home/james/.vim/bundle/supertab/plugin/supertab.vim
087.735  005.466  005.466: sourcing /home/james/.vim/bundle/vim-easymotion/plugin/EasyMotion.vim
087.994  000.012  000.012: sourcing /home/james/.vim/bundle/syntastic/plugin/syntastic/autoloclist.vim
088.020  000.007  000.007: sourcing /home/james/.vim/bundle/syntastic/plugin/syntastic/balloons.vim
088.044  000.009  000.009: sourcing /home/james/.vim/bundle/syntastic/plugin/syntastic/checker.vim
088.067  000.008  000.008: sourcing /home/james/.vim/bundle/syntastic/plugin/syntastic/cursor.vim
088.110  000.009  000.009: sourcing /home/james/.vim/bundle/syntastic/plugin/syntastic/highlighting.vim
088.131  000.007  000.007: sourcing /home/james/.vim/bundle/syntastic/plugin/syntastic/loclist.vim
088.152  000.008  000.008: sourcing /home/james/.vim/bundle/syntastic/plugin/syntastic/modemap.vim
088.173  000.007  000.007: sourcing /home/james/.vim/bundle/syntastic/plugin/syntastic/notifiers.vim
088.194  000.007  000.007: sourcing /home/james/.vim/bundle/syntastic/plugin/syntastic/registry.vim
088.215  000.007  000.007: sourcing /home/james/.vim/bundle/syntastic/plugin/syntastic/signs.vim
088.786  000.418  000.418: sourcing /home/james/.vim/bundle/syntastic/autoload/syntastic/util.vim
100.071  000.056  000.056: sourcing /home/james/.vim/bundle/syntastic/plugin/syntastic/autoloclist.vim
100.148  000.055  000.055: sourcing /home/james/.vim/bundle/syntastic/plugin/syntastic/balloons.vim
100.340  000.175  000.175: sourcing /home/james/.vim/bundle/syntastic/plugin/syntastic/checker.vim
100.453  000.096  000.096: sourcing /home/james/.vim/bundle/syntastic/plugin/syntastic/cursor.vim
100.559  000.089  000.089: sourcing /home/james/.vim/bundle/syntastic/plugin/syntastic/highlighting.vim
101.341  000.765  000.765: sourcing /home/james/.vim/bundle/syntastic/plugin/syntastic/loclist.vim
101.744  000.331  000.331: sourcing /home/james/.vim/bundle/syntastic/plugin/syntastic/modemap.vim
102.040  000.241  000.241: sourcing /home/james/.vim/bundle/syntastic/plugin/syntastic/notifiers.vim
103.043  000.950  000.950: sourcing /home/james/.vim/bundle/syntastic/plugin/syntastic/registry.vim
103.445  000.337  000.337: sourcing /home/james/.vim/bundle/syntastic/plugin/syntastic/signs.vim
106.745  018.517  015.004: sourcing /home/james/.vim/bundle/syntastic/plugin/syntastic.vim
108.586  000.303  000.303: sourcing /home/james/.vim/bundle/vim-gitgutter/autoload/gitgutter/highlight.vim
111.111  004.089  003.786: sourcing /home/james/.vim/bundle/vim-gitgutter/plugin/gitgutter.vim
111.952  000.640  000.640: sourcing /home/james/.vim/bundle/vim-over/plugin/over.vim
112.855  000.078  000.078: sourcing /home/james/.vim/bundle/UltiSnips/autoload/UltiSnips/map_keys.vim
112.964  000.826  000.748: sourcing /home/james/.vim/bundle/UltiSnips/plugin/UltiSnips.vim
113.297  000.277  000.277: sourcing /home/james/.vim/bundle/vim-commentary/plugin/commentary.vim
116.982  003.630  003.630: sourcing /home/james/.vim/bundle/vim-fugitive/plugin/fugitive.vim
117.614  000.562  000.562: sourcing /home/james/.vim/bundle/vim-surround/plugin/surround.vim
117.747  000.064  000.064: sourcing /home/james/.vim/bundle/MatchTagAlways/plugin/MatchTagAlways.vim
117.921  000.011  000.011: sourcing /home/james/.vim/bundle/vim-misc/autoload/xolox/misc.vim
119.586  000.301  000.301: sourcing /home/james/.vim/bundle/vim-misc/autoload/xolox/misc/os.vim
120.159  000.969  000.668: sourcing /home/james/.vim/bundle/vim-misc/autoload/xolox/misc/path.vim
120.762  002.743  001.774: sourcing /home/james/.vim/bundle/vim-notes/autoload/xolox/notes.vim
122.260  004.460  001.706: sourcing /home/james/.vim/bundle/vim-notes/plugin/notes.vim
122.382  000.036  000.036: sourcing /home/james/.vim/bundle/vim-misc/plugin/xolox/misc.vim
123.115  000.670  000.670: sourcing /home/james/.vim/bundle/vim-schlepp/plugin/schlepp.vim
123.398  000.071  000.071: sourcing /usr/local/share/vim/vim74/plugin/getscriptPlugin.vim
123.687  000.271  000.271: sourcing /usr/local/share/vim/vim74/plugin/gzip.vim
124.117  000.412  000.412: sourcing /usr/local/share/vim/vim74/plugin/logiPat.vim
124.340  000.203  000.203: sourcing /usr/local/share/vim/vim74/plugin/matchparen.vim
125.097  000.739  000.739: sourcing /usr/local/share/vim/vim74/plugin/netrwPlugin.vim
125.192  000.064  000.064: sourcing /usr/local/share/vim/vim74/plugin/rrhelper.vim
125.242  000.028  000.028: sourcing /usr/local/share/vim/vim74/plugin/spellfile.vim
125.449  000.184  000.184: sourcing /usr/local/share/vim/vim74/plugin/tarPlugin.vim
125.569  000.098  000.098: sourcing /usr/local/share/vim/vim74/plugin/tohtml.vim
125.744  000.154  000.154: sourcing /usr/local/share/vim/vim74/plugin/vimballPlugin.vim
125.996  000.205  000.205: sourcing /usr/local/share/vim/vim74/plugin/zipPlugin.vim
126.155  000.062  000.062: sourcing /home/james/.vim/bundle/neobundle.vim/plugin/neobundle.vim
126.345  000.128  000.128: sourcing /home/james/.vim/bundle/UltiSnips/after/plugin/UltiSnips_after.vim
126.892  000.483  000.483: sourcing /home/james/.vim/bundle/indentLine/after/plugin/indentLine.vim
126.901  002.697: loading plugins
127.827  000.926: inits 3
128.073  000.246: reading viminfo
129.807  001.734: setup clipboard
129.840  000.033: setting raw mode
129.858  000.018: start termcap
129.912  000.054: clearing screen
133.214  000.609  000.609: sourcing /usr/local/share/vim/vim74/scripts.vim
135.549  000.835  000.835: sourcing /home/james/.vim/bundle/delimitMate/autoload/delimitMate.vim
138.612  004.719  003.884: sourcing /home/james/.vim/bundle/delimitMate//plugin/delimitMate.vim
169.066  029.671  029.671: sourcing /home/james/.vim/bundle/UltiSnips/autoload/UltiSnips.vim
176.626  001.276  001.276: sourcing /usr/local/share/vim/vim74/syntax/lua.vim
177.499  000.461  000.461: sourcing /usr/local/share/vim/vim74/syntax/pod.vim
180.322  003.450  002.989: sourcing /usr/local/share/vim/vim74/syntax/perl.vim
183.181  002.710  002.710: sourcing /usr/local/share/vim/vim74/syntax/ruby.vim
184.148  000.817  000.817: sourcing /usr/local/share/vim/vim74/syntax/python.vim
185.328  015.786  007.533: sourcing /usr/local/share/vim/vim74/syntax/vim.vim
185.777  000.129  000.129: sourcing /usr/local/share/vim/vim74/indent/vim.vim
186.592  000.309  000.309: sourcing /usr/local/share/vim/vim74/ftplugin/vim.vim
187.302  000.286  000.286: sourcing /home/james/.vim/bundle/vim-airline/autoload/airline/extensions.vim
187.459  000.039  000.039: sourcing /home/james/.vim/bundle/vim-airline/autoload/airline/extensions/quickfix.vim
187.629  000.037  000.037: sourcing /home/james/.vim/bundle/vim-airline/autoload/airline/extensions/netrw.vim
187.855  000.080  000.080: sourcing /home/james/.vim/bundle/vim-airline/autoload/airline/extensions/hunks.vim
188.125  000.118  000.118: sourcing /home/james/.vim/bundle/vim-airline/autoload/airline/extensions/branch.vim
188.402  000.028  000.028: sourcing /home/james/.vim/bundle/vim-airline/autoload/airline/extensions/syntastic.vim
188.633  000.109  000.109: sourcing /home/james/.vim/bundle/vim-airline/autoload/airline/extensions/whitespace.vim
188.967  000.040  000.040: sourcing /home/james/.vim/bundle/vim-airline/autoload/airline/extensions/wordcount.vim
190.784  000.071  000.071: sourcing /home/james/.vim/bundle/vim-airline/autoload/airline/section.vim
191.088  000.134  000.134: sourcing /home/james/.vim/bundle/vim-airline/autoload/airline/highlighter.vim
192.980  000.057  000.057: sourcing /home/james/.vim/bundle/vim-airline/autoload/airline/themes.vim
194.345  001.542  001.485: sourcing /home/james/.vim/bundle/vim-airline/autoload/airline/themes/tomorrow.vim
198.791  000.084  000.084: sourcing /home/james/.vim/bundle/vim-airline/autoload/airline/util.vim
199.077  000.107  000.107: sourcing /home/james/.vim/bundle/vim-airline/autoload/airline/builder.vim
199.438  000.075  000.075: sourcing /home/james/.vim/bundle/vim-airline/autoload/airline/extensions/default.vim
212.483  002.031  002.031: sourcing /home/james/.vim/bundle/MatchTagAlways/autoload/MatchTagAlways.vim
226.391  001.927  001.927: sourcing /usr/local/share/vim/vim74/syntax/lua.vim
227.312  000.577  000.577: sourcing /usr/local/share/vim/vim74/syntax/pod.vim
230.496  003.928  003.351: sourcing /usr/local/share/vim/vim74/syntax/perl.vim
233.325  002.670  002.670: sourcing /usr/local/share/vim/vim74/syntax/ruby.vim
234.255  000.774  000.774: sourcing /usr/local/share/vim/vim74/syntax/python.vim
235.373  018.611  009.312: sourcing /usr/local/share/vim/vim74/syntax/vim.vim
235.716  000.023  000.023: sourcing /usr/local/share/vim/vim74/indent/vim.vim
236.540  000.281  000.281: sourcing /usr/local/share/vim/vim74/ftplugin/vim.vim
244.337  000.202  000.202: sourcing /home/james/.vim/bundle/syntastic/autoload/syntastic/log.vim
245.404  000.202  000.202: sourcing /home/james/.vim/bundle/syntastic/syntax_checkers/vim/vimlint.vim
245.598  000.160  000.160: sourcing /home/james/.vim/bundle/syntastic/syntax_checkers/vim/vint.vim
252.644  047.249: opening buffers
253.664  000.160  000.160: sourcing /home/james/.vim/bundle/vim-gitgutter/autoload/gitgutter.vim
253.954  000.161  000.161: sourcing /home/james/.vim/bundle/vim-gitgutter/autoload/gitgutter/utility.vim
265.279  011.145  011.145: sourcing /home/james/.vim/bundle/vim-gitgutter/autoload/gitgutter/diff.vim
276.759  000.209  000.209: sourcing /home/james/.vim/bundle/vim-gitgutter/autoload/gitgutter/hunk.vim
277.251  000.145  000.145: sourcing /home/james/.vim/bundle/vim-gitgutter/autoload/gitgutter/sign.vim
280.886  016.422: BufEnter autocommands
280.889  000.003: editing files in windows
285.805  000.037  000.037: sourcing /home/james/.vim/bundle/vim-airline/autoload/airline/deprecation.vim
286.134  005.208: VimEnter autocommands
286.136  000.002: before starting main loop
286.259  000.123: first screen update
286.261  000.002: --- VIM STARTED ---
